<?xml version="1.0" encoding="UTF-8"?>
<testng-results ignored="0" total="14" passed="13" failed="1" skipped="0">
  <reporter-output>
  </reporter-output>
  <suite started-at="2019-06-13T15:20:22Z" name="Default suite" finished-at="2019-06-13T15:23:31Z" duration-ms="188588">
    <groups>
    </groups>
    <test started-at="2019-06-13T15:20:22Z" name="Default test" finished-at="2019-06-13T15:23:31Z" duration-ms="188588">
      <class name="com.companya.tcuv.SearchInventory">
        <test-method is-config="true" signature="beforeStart()[pri:0, instance:com.companya.tcuv.SearchInventory@22e357dc]" started-at="2019-06-13T15:20:22Z" name="beforeStart" finished-at="2019-06-13T15:20:22Z" duration-ms="0" status="PASS">
          <reporter-output>
          </reporter-output>
        </test-method> <!-- beforeStart -->
        <test-method is-config="true" signature="beforeClass()[pri:0, instance:com.companya.tcuv.SearchInventory@22e357dc]" started-at="2019-06-13T15:20:22Z" name="beforeClass" finished-at="2019-06-13T15:20:30Z" duration-ms="8162" status="PASS">
          <reporter-output>
          </reporter-output>
        </test-method> <!-- beforeClass -->
        <test-method signature="zipModalTest()[pri:41, instance:com.companya.tcuv.SearchInventory@22e357dc]" started-at="2019-06-13T15:20:30Z" name="zipModalTest" finished-at="2019-06-13T15:20:36Z" duration-ms="5913" status="PASS">
          <reporter-output>
          </reporter-output>
        </test-method> <!-- zipModalTest -->
        <test-method signature="inventoryPageLoadTest()[pri:42, instance:com.companya.tcuv.SearchInventory@22e357dc]" started-at="2019-06-13T15:20:36Z" name="inventoryPageLoadTest" finished-at="2019-06-13T15:20:47Z" duration-ms="10637" status="PASS">
          <reporter-output>
          </reporter-output>
        </test-method> <!-- inventoryPageLoadTest -->
        <test-method signature="inventoryPageHeaderTest()[pri:43, instance:com.companya.tcuv.SearchInventory@22e357dc]" started-at="2019-06-13T15:20:47Z" name="inventoryPageHeaderTest" finished-at="2019-06-13T15:21:25Z" duration-ms="38357" status="PASS">
          <reporter-output>
          </reporter-output>
        </test-method> <!-- inventoryPageHeaderTest -->
        <test-method signature="inventoryFilterResultsLabelTest()[pri:44, instance:com.companya.tcuv.SearchInventory@22e357dc]" started-at="2019-06-13T15:21:25Z" name="inventoryFilterResultsLabelTest" finished-at="2019-06-13T15:21:28Z" duration-ms="2402" status="PASS">
          <reporter-output>
          </reporter-output>
        </test-method> <!-- inventoryFilterResultsLabelTest -->
        <test-method signature="inventoryFilterResultsModelTest()[pri:45, instance:com.companya.tcuv.SearchInventory@22e357dc]" started-at="2019-06-13T15:21:28Z" name="inventoryFilterResultsModelTest" finished-at="2019-06-13T15:22:22Z" duration-ms="53914" status="PASS">
          <reporter-output>
          </reporter-output>
        </test-method> <!-- inventoryFilterResultsModelTest -->
        <test-method signature="inventoryFilterResultsPriceRangeTest()[pri:46, instance:com.companya.tcuv.SearchInventory@22e357dc]" started-at="2019-06-13T15:22:22Z" name="inventoryFilterResultsPriceRangeTest" finished-at="2019-06-13T15:22:25Z" duration-ms="3313" status="PASS">
          <reporter-output>
          </reporter-output>
        </test-method> <!-- inventoryFilterResultsPriceRangeTest -->
        <test-method signature="inventoryFilterResultsModelYearTest()[pri:47, instance:com.companya.tcuv.SearchInventory@22e357dc]" started-at="2019-06-13T15:22:25Z" name="inventoryFilterResultsModelYearTest" finished-at="2019-06-13T15:22:28Z" duration-ms="3347" status="PASS">
          <reporter-output>
          </reporter-output>
        </test-method> <!-- inventoryFilterResultsModelYearTest -->
        <test-method signature="inventoryFilterResultsMileageTest()[pri:48, instance:com.companya.tcuv.SearchInventory@22e357dc]" started-at="2019-06-13T15:22:28Z" name="inventoryFilterResultsMileageTest" finished-at="2019-06-13T15:22:32Z" duration-ms="3366" status="PASS">
          <reporter-output>
          </reporter-output>
        </test-method> <!-- inventoryFilterResultsMileageTest -->
        <test-method signature="inventoryFilterResultsUpdateCTATest()[pri:49, instance:com.companya.tcuv.SearchInventory@22e357dc]" started-at="2019-06-13T15:22:32Z" name="inventoryFilterResultsUpdateCTATest" finished-at="2019-06-13T15:23:08Z" duration-ms="36710" status="FAIL">
          <exception class="org.openqa.selenium.NoSuchElementException">
            <message>
              <![CDATA[Cannot locate element with text: 2012
For documentation on this error, please visit: http://seleniumhq.org/exceptions/no_such_element.html
Build info: version: '3.12.0', revision: '7c6e0b3', time: '2018-05-08T14:04:26.12Z'
System info: host: 'MILLION-PLANO', ip: '192.168.0.6', os.name: 'Windows 10', os.arch: 'amd64', os.version: '10.0', java.version: '11.0.3'
Driver info: driver.version: unknown]]>
            </message>
            <full-stacktrace>
              <![CDATA[org.openqa.selenium.NoSuchElementException: Cannot locate element with text: 2012
For documentation on this error, please visit: http://seleniumhq.org/exceptions/no_such_element.html
Build info: version: '3.12.0', revision: '7c6e0b3', time: '2018-05-08T14:04:26.12Z'
System info: host: 'MILLION-PLANO', ip: '192.168.0.6', os.name: 'Windows 10', os.arch: 'amd64', os.version: '10.0', java.version: '11.0.3'
Driver info: driver.version: unknown
at org.openqa.selenium.support.ui.Select.selectByVisibleText(Select.java:151)
at com.companya.tcuv.SearchInventory.inventoryFilterResultsUpdateCTATest(SearchInventory.java:621)
at java.base/jdk.internal.reflect.NativeMethodAccessorImpl.invoke0(Native Method)
at java.base/jdk.internal.reflect.NativeMethodAccessorImpl.invoke(NativeMethodAccessorImpl.java:62)
at java.base/jdk.internal.reflect.DelegatingMethodAccessorImpl.invoke(DelegatingMethodAccessorImpl.java:43)
at java.base/java.lang.reflect.Method.invoke(Method.java:566)
at org.testng.internal.MethodInvocationHelper.invokeMethod(MethodInvocationHelper.java:124)
at org.testng.internal.Invoker.invokeMethod(Invoker.java:583)
at org.testng.internal.Invoker.invokeTestMethod(Invoker.java:719)
at org.testng.internal.Invoker.invokeTestMethods(Invoker.java:989)
at org.testng.internal.TestMethodWorker.invokeTestMethods(TestMethodWorker.java:125)
at org.testng.internal.TestMethodWorker.run(TestMethodWorker.java:109)
at org.testng.TestRunner.privateRun(TestRunner.java:648)
at org.testng.TestRunner.run(TestRunner.java:505)
at org.testng.SuiteRunner.runTest(SuiteRunner.java:455)
at org.testng.SuiteRunner.runSequentially(SuiteRunner.java:450)
at org.testng.SuiteRunner.privateRun(SuiteRunner.java:415)
at org.testng.SuiteRunner.run(SuiteRunner.java:364)
at org.testng.SuiteRunnerWorker.runSuite(SuiteRunnerWorker.java:52)
at org.testng.SuiteRunnerWorker.run(SuiteRunnerWorker.java:84)
at org.testng.TestNG.runSuitesSequentially(TestNG.java:1208)
at org.testng.TestNG.runSuitesLocally(TestNG.java:1137)
at org.testng.TestNG.runSuites(TestNG.java:1049)
at org.testng.TestNG.run(TestNG.java:1017)
at org.testng.remote.AbstractRemoteTestNG.run(AbstractRemoteTestNG.java:115)
at org.testng.remote.RemoteTestNG.initAndRun(RemoteTestNG.java:251)
at org.testng.remote.RemoteTestNG.main(RemoteTestNG.java:77)
]]>
            </full-stacktrace>
          </exception> <!-- org.openqa.selenium.NoSuchElementException -->
          <reporter-output>
          </reporter-output>
        </test-method> <!-- inventoryFilterResultsUpdateCTATest -->
        <test-method signature="inventoryFilterListMoreDealerTest()[pri:50, instance:com.companya.tcuv.SearchInventory@22e357dc]" started-at="2019-06-13T15:23:08Z" name="inventoryFilterListMoreDealerTest" finished-at="2019-06-13T15:23:12Z" duration-ms="3791" status="PASS">
          <reporter-output>
          </reporter-output>
        </test-method> <!-- inventoryFilterListMoreDealerTest -->
        <test-method signature="inventoryFilterListMoreTrimTest()[pri:51, instance:com.companya.tcuv.SearchInventory@22e357dc]" started-at="2019-06-13T15:23:12Z" name="inventoryFilterListMoreTrimTest" finished-at="2019-06-13T15:23:16Z" duration-ms="3732" status="PASS">
          <reporter-output>
          </reporter-output>
        </test-method> <!-- inventoryFilterListMoreTrimTest -->
        <test-method signature="inventoryFilterListMoreExteriorColorTest()[pri:52, instance:com.companya.tcuv.SearchInventory@22e357dc]" started-at="2019-06-13T15:23:16Z" name="inventoryFilterListMoreExteriorColorTest" finished-at="2019-06-13T15:23:20Z" duration-ms="3769" status="PASS">
          <reporter-output>
          </reporter-output>
        </test-method> <!-- inventoryFilterListMoreExteriorColorTest -->
        <test-method signature="inventoryFilterListMoreInteriorColorTest()[pri:53, instance:com.companya.tcuv.SearchInventory@22e357dc]" started-at="2019-06-13T15:23:20Z" name="inventoryFilterListMoreInteriorColorTest" finished-at="2019-06-13T15:23:23Z" duration-ms="3737" status="PASS">
          <reporter-output>
          </reporter-output>
        </test-method> <!-- inventoryFilterListMoreInteriorColorTest -->
        <test-method signature="inventoryFilterListMoreDrivetrainTest()[pri:54, instance:com.companya.tcuv.SearchInventory@22e357dc]" started-at="2019-06-13T15:23:23Z" name="inventoryFilterListMoreDrivetrainTest" finished-at="2019-06-13T15:23:30Z" duration-ms="6772" status="PASS">
          <reporter-output>
          </reporter-output>
        </test-method> <!-- inventoryFilterListMoreDrivetrainTest -->
        <test-method is-config="true" signature="afterClass()[pri:0, instance:com.companya.tcuv.SearchInventory@22e357dc]" started-at="2019-06-13T15:23:30Z" name="afterClass" finished-at="2019-06-13T15:23:31Z" duration-ms="601" status="PASS">
          <reporter-output>
          </reporter-output>
        </test-method> <!-- afterClass -->
        <test-method is-config="true" signature="afterSuite()[pri:0, instance:com.companya.tcuv.SearchInventory@22e357dc]" started-at="2019-06-13T15:23:31Z" name="afterSuite" finished-at="2019-06-13T15:23:31Z" duration-ms="1" status="PASS">
          <reporter-output>
          </reporter-output>
        </test-method> <!-- afterSuite -->
      </class> <!-- com.companya.tcuv.SearchInventory -->
    </test> <!-- Default test -->
  </suite> <!-- Default suite -->
</testng-results>
